Flutter crash report.
Please report a bug at https://github.com/flutter/flutter/issues.

## command

flutter run

## exception

ProcessException: ProcessException: The paging file is too small for this operation to complete (at ../../runtime/bin/process_win.cc:577)
  Command: D:\flutter\bin\cache\artifacts\engine\windows-x64\impellerc.exe --sksl --iplr --json --sl=build\flutter_assets\shaders/ink_sparkle.frag --spirv=build\flutter_assets\shaders/ink_sparkle.frag.spirv --input=D:\flutter\packages\flutter\lib\src\material\shaders\ink_sparkle.frag --input-type=frag --include=D:\flutter\packages\flutter\lib\src\material\shaders --include=D:\flutter\bin\cache\artifacts\engine\windows-x64\shader_lib

```
#0      _ProcessImpl._start (dart:io-patch/process_patch.dart:411:33)
#1      Process.start (dart:io-patch/process_patch.dart:42:20)
#2      LocalProcessManager.start (package:process/src/interface/local_process_manager.dart:42:22)
#3      ErrorHandlingProcessManager.start.<anonymous closure> (package:flutter_tools/src/base/error_handling_io.dart:654:26)
#4      _run (package:flutter_tools/src/base/error_handling_io.dart:514:20)
#5      ErrorHandlingProcessManager.start (package:flutter_tools/src/base/error_handling_io.dart:652:12)
#6      ShaderCompiler.compileShader (package:flutter_tools/src/build_system/tools/shader_compiler.dart:188:60)
#7      writeBundle.<anonymous closure> (package:flutter_tools/src/bundle_builder.dart:208:46)
<asynchronous suspension>
#8      Future.wait.<anonymous closure> (dart:async/future.dart:546:21)
<asynchronous suspension>
#9      writeBundle (package:flutter_tools/src/bundle_builder.dart:171:3)
<asynchronous suspension>
#10     WebDevFS.update (package:flutter_tools/src/isolated/devfs_web.dart:342:9)
<asynchronous suspension>
#11     ResidentWebRunner._updateDevFS (package:flutter_tools/src/isolated/resident_web_runner.dart:801:35)
<asynchronous suspension>
#12     ResidentWebRunner.run.<anonymous closure> (package:flutter_tools/src/isolated/resident_web_runner.dart:334:41)
<asynchronous suspension>
#13     asyncGuard.<anonymous closure> (package:flutter_tools/src/base/async_guard.dart:108:24)
<asynchronous suspension>
```

## flutter doctor

```
[32m[✓][39m Flutter (Channel stable, 3.41.4, on Microsoft Windows [Version 10.0.19045.6466], locale en-IN) [1,018ms]
    [32m•[39m Flutter version 3.41.4 on channel stable at D:\flutter
    [32m•[39m Upstream repository https://github.com/flutter/flutter.git
    [32m•[39m Framework revision ff37bef603 (4 weeks ago), 2026-03-03 16:03:22 -0800
    [32m•[39m Engine revision e4b8dca3f1
    [32m•[39m Dart version 3.11.1
    [32m•[39m DevTools version 2.54.1
    [32m•[39m Feature flags: enable-web, enable-linux-desktop, enable-macos-desktop, enable-windows-desktop, enable-android,
      enable-ios, cli-animations, enable-native-assets, omit-legacy-version-file, enable-lldb-debugging,
      enable-uiscene-migration

[32m[✓][39m Windows Version (10 Pro N 64-bit, 22H2, 2009) [4.4s]

[32m[✓][39m Android toolchain - develop for Android devices (Android SDK version 36.0.0) [11.7s]
    [32m•[39m Android SDK at C:\Users\Dell\AppData\Local\Android\sdk
    [32m•[39m Emulator version 36.4.9.0 (build_id 14788078) (CL:N/A)
    [32m•[39m Platform android-36.1, build-tools 36.0.0
    [32m•[39m Java binary at: C:\Program Files\Android\Android Studio\jbr\bin\java
      This is the JDK bundled with the latest Android Studio installation on this machine.
      To manually set the JDK path, use: `flutter config --jdk-dir="path/to/jdk"`.
    [32m•[39m Java version OpenJDK Runtime Environment (build 21.0.9+-14649483-b1163.86)
    [32m•[39m All Android licenses accepted.

[32m[✓][39m Chrome - develop for the web [258ms]
    [32m•[39m Chrome at C:\Program Files\Google\Chrome\Application\chrome.exe

[32m[✓][39m Visual Studio - develop Windows apps (Visual Studio Community 2026 18.3.0) [257ms]
    [32m•[39m Visual Studio at C:\Program Files\Microsoft Visual Studio\18\Community
    [32m•[39m Visual Studio Community 2026 version 18.3.11505.172
    [32m•[39m Windows 10 SDK version 10.0.26100.0

[32m[✓][39m Connected device (3 available) [723ms]
    [32m•[39m Windows (desktop) • windows • windows-x64    • Microsoft Windows [Version 10.0.19045.6466]
    [32m•[39m Chrome (web)      • chrome  • web-javascript • Google Chrome 146.0.7680.165
    [32m•[39m Edge (web)        • edge    • web-javascript • Microsoft Edge 146.0.3856.84

[32m[✓][39m Network resources [1,406ms]
    [32m•[39m All expected network resources are available.

[32m•[39m No issues found!
```
